2025-11-24 11:17:37 - ERROR      - Failed after 1 attempts
2025-11-24 11:17:37 - ERROR      - [report-1763941788923] [36m{name}[39m |[32m█░░░░░░░░░░░░░░░░░░░░░░░░░░░░░░░░░░░░░░░[39m| [33m3%[39m | 3/100 | [90m✓ Complete[39m
[36m{name}[39m |[32m█░░░░░░░░░░░░░░░░░░░░░░░░░░░░░░░░░░░░░░░[39m| [33m3%[39m | 3/100 | [90m✓ Complete[39m
[36m{name}[39m |[32m█░░░░░░░░░░░░░░░░░░░░░░░░░░░░░░░░░░░░░░░[39m| [33m3%[39m | 3/100 | [90m✓ Complete[39m
[36m{name}[39m |[32m█░░░░░░░░░░░░░░░░░░░░░░░░░░░░░░░░░░░░░░░[39m| [33m3%[39m | 3/100 | [90m✓ Complete[39m
[36m{name}[39m |[32m█░░░░░░░░░░░░░░░░░░░░░░░░░░░░░░░░░░░░░░░[39m| [33m3%[39m | 3/100 | [90m✓ Complete[39m
[36m{name}[39m |[32m█░░░░░░░░░░░░░░░░░░░░░░░░░░░░░░░░░░░░░░░[39m| [33m3%[39m | 3/100 | [90m✓ Complete[39m
[36m{name}[39m |[32m█░░░░░░░░░░░░░░░░░░░░░░░░░░░░░░░░░░░░░░░[39m| [33m3%[39m | 3/100 | [90m✓ Complete[39m
[36m{name}[39m |[32m█░░░░░░░░░░░░░░░░░░░░░░░░░░░░░░░░░░░░░░░[39m| [33m3%[39m | 3/100 | [90m✓ Complete[39m
[36m{name}[39m |[32m█░░░░░░░░░░░░░░░░░░░░░░░░░░░░░░░░░░░░░░░[39m| [33m3%[39m | 3/100 | [90m✓ Complete[39m
[36m{name}[39m |[32m█░░░░░░░░░░░░░░░░░░░░░░░░░░░░░░░░░░░░░░░[39m| [33m3%[39m | 3/100 | [90m✓ Complete[39m
[36m{name}[39m |[32m█░░░░░░░░░░░░░░░░░░░░░░░░░░░░░░░░░░░░░░░[39m| [33m3%[39m | 3/100 | [90m✓ Complete[39m
[36m{name}[39m |[32m█░░░░░░░░░░░░░░░░░░░░░░░░░░░░░░░░░░░░░░░[39m| [33m3%[39m | 3/100 | [90m✓ Complete[39m
[36m{name}[39m |[32m█░░░░░░░░░░░░░░░░░░░░░░░░░░░░░░░░░░░░░░░[39m| [33m3%[39m | 3/100 | [90m✓ Complete[39m
[36m{name}[39m |[32m█░░░░░░░░░░░░░░░░░░░░░░░░░░░░░░░░░░░░░░░[39m| [33m3%[39m | 3/100 | [90m✓ Complete[39m
[36m{name}[39m |[32m█░░░░░░░░░░░░░░░░░░░░░░░░░░░░░░░░░░░░░░░[39m| [33m3%[39m | 3/100 | [90m✓ Complete[39m
[36m{name}[39m |[32m█░░░░░░░░░░░░░░░░░░░░░░░░░░░░░░░░░░░░░░░[39m| [33m3%[39m | 3/100 | [90m✓ Complete[39m
[36m{name}[39m |[32m█░░░░░░░░░░░░░░░░░░░░░░░░░░░░░░░░░░░░░░░[39m| [33m3%[39m | 3/100 | [90m✓ Complete[39m
[36m{name}[39m |[32m█░░░░░░░░░░░░░░░░░░░░░░░░░░░░░░░░░░░░░░░[39m| [33m3%[39m | 3/100 | [90m✓ Complete[39m
[36m{name}[39m |[32m█░░░░░░░░░░░░░░░░░░░░░░░░░░░░░░░░░░░░░░░[39m| [33m3%[39m | 3/100 | [90m✓ Complete[39m
[36m{name}[39m |[32m█░░░░░░░░░░░░░░░░░░░░░░░░░░░░░░░░░░░░░░░[39m| [33m3%[39m | 3/100 | [90m✓ Complete[39m
[36m{name}[39m |[32m█░░░░░░░░░░░░░░░░░░░░░░░░░░░░░░░░░░░░░░░[39m| [33m3%[39m | 3/100 | [90m✓ Complete[39m
[36m{name}[39m |[32m█░░░░░░░░░░░░░░░░░░░░░░░░░░░░░░░░░░░░░░░[39m| [33m3%[39m | 3/100 | [90m✓ Complete[39m
[36m{name}[39m |[32m█░░░░░░░░░░░░░░░░░░░░░░░░░░░░░░░░░░░░░░░[39m| [33m3%[39m | 3/100 | [90m✓ Complete[39m
[36m{name}[39m |[32m█░░░░░░░░░░░░░░░░░░░░░░░░░░░░░░░░░░░░░░░[39m| [33m3%[39m | 3/100 | [90m✓ Complete[39m

2025-11-24 11:17:37 - ERROR      - Failed to fetch validation results
{
  "error": "timeout of 600000ms exceeded"
}
